# Logfile created on 2016-09-11 17:25:43 -0400 by logger.rb/44203
  INFO ---------------------------------------------------------------------------
  INFO START 2016-09-11 17:25:43 -0400 cap production deploy
  INFO ---------------------------------------------------------------------------
  INFO [a248c29a] Running /usr/bin/env mkdir -p /tmp as deploy@192.168.241.130
  INFO [5731e0aa] Running /usr/bin/env mkdir -p /tmp as deploy@example.com
 DEBUG [a248c29a] Command: /usr/bin/env mkdir -p /tmp
 DEBUG [5731e0aa] Command: /usr/bin/env mkdir -p /tmp
  INFO [a248c29a] Finished in 7.766 seconds with exit status 0 (successful).
 DEBUG Uploading /tmp/git-ssh-devise-production-jplasencia.sh 0.0%
  INFO Uploading /tmp/git-ssh-devise-production-jplasencia.sh 100.0%
  INFO [21da24ea] Running /usr/bin/env chmod 700 /tmp/git-ssh-devise-production-jplasencia.sh as deploy@192.168.241.130
 DEBUG [21da24ea] Command: /usr/bin/env chmod 700 /tmp/git-ssh-devise-production-jplasencia.sh
  INFO [21da24ea] Finished in 0.005 seconds with exit status 0 (successful).
  INFO ---------------------------------------------------------------------------
  INFO START 2016-09-11 17:29:02 -0400 cap production deploy
  INFO ---------------------------------------------------------------------------
  INFO [55b7bf15] Running /usr/bin/env mkdir -p /tmp on deploy
 DEBUG [55b7bf15] Command: /usr/bin/env mkdir -p /tmp
  INFO [f45a9034] Running /usr/bin/env mkdir -p /tmp as deploy@192.168.241.130
 DEBUG [f45a9034] Command: /usr/bin/env mkdir -p /tmp
  INFO [f45a9034] Finished in 3.226 seconds with exit status 0 (successful).
 DEBUG Uploading /tmp/git-ssh-devise-production-jplasencia.sh 0.0%
  INFO Uploading /tmp/git-ssh-devise-production-jplasencia.sh 100.0%
  INFO [55337a31] Running /usr/bin/env chmod 700 /tmp/git-ssh-devise-production-jplasencia.sh as deploy@192.168.241.130
 DEBUG [55337a31] Command: /usr/bin/env chmod 700 /tmp/git-ssh-devise-production-jplasencia.sh
  INFO [55337a31] Finished in 0.013 seconds with exit status 0 (successful).
  INFO ---------------------------------------------------------------------------
  INFO START 2016-09-11 18:02:29 -0400 cap production deploy
  INFO ---------------------------------------------------------------------------
  INFO [e60c73c0] Running /usr/bin/env mkdir -p /tmp on deploy
  INFO [f785dece] Running /usr/bin/env mkdir -p /tmp as deploy@192.168.241.130
 DEBUG [e60c73c0] Command: /usr/bin/env mkdir -p /tmp
 DEBUG [f785dece] Command: /usr/bin/env mkdir -p /tmp
  INFO [f785dece] Finished in 4.338 seconds with exit status 0 (successful).
 DEBUG Uploading /tmp/git-ssh-devise-production-jplasencia.sh 0.0%
  INFO Uploading /tmp/git-ssh-devise-production-jplasencia.sh 100.0%
  INFO [6528af09] Running /usr/bin/env chmod 700 /tmp/git-ssh-devise-production-jplasencia.sh as deploy@192.168.241.130
 DEBUG [6528af09] Command: /usr/bin/env chmod 700 /tmp/git-ssh-devise-production-jplasencia.sh
  INFO [6528af09] Finished in 0.004 seconds with exit status 0 (successful).
  INFO ---------------------------------------------------------------------------
  INFO START 2016-09-11 18:03:30 -0400 cap production deploy
  INFO ---------------------------------------------------------------------------
  INFO [c221b536] Running /usr/bin/env mkdir -p /tmp on deploy
 DEBUG [c221b536] Command: /usr/bin/env mkdir -p /tmp
  INFO [fe36c82b] Running /usr/bin/env mkdir -p /tmp as deploy@192.168.241.130
 DEBUG [fe36c82b] Command: /usr/bin/env mkdir -p /tmp
  INFO [fe36c82b] Finished in 3.634 seconds with exit status 0 (successful).
 DEBUG Uploading /tmp/git-ssh-devise-production-jplasencia.sh 0.0%
  INFO Uploading /tmp/git-ssh-devise-production-jplasencia.sh 100.0%
  INFO [04676681] Running /usr/bin/env chmod 700 /tmp/git-ssh-devise-production-jplasencia.sh as deploy@192.168.241.130
 DEBUG [04676681] Command: /usr/bin/env chmod 700 /tmp/git-ssh-devise-production-jplasencia.sh
  INFO [04676681] Finished in 0.006 seconds with exit status 0 (successful).
  INFO ---------------------------------------------------------------------------
  INFO START 2016-09-11 18:07:38 -0400 cap production deploy
  INFO ---------------------------------------------------------------------------
  INFO [ed6d348a] Running /usr/bin/env mkdir -p /tmp as deploy@192.168.241.130
  INFO [712f8e48] Running /usr/bin/env mkdir -p /tmp on deploy
 DEBUG [ed6d348a] Command: /usr/bin/env mkdir -p /tmp
 DEBUG [712f8e48] Command: /usr/bin/env mkdir -p /tmp
  INFO [ed6d348a] Finished in 4.716 seconds with exit status 0 (successful).
 DEBUG Uploading /tmp/git-ssh-devise-production-jplasencia.sh 0.0%
  INFO Uploading /tmp/git-ssh-devise-production-jplasencia.sh 100.0%
  INFO [34380725] Running /usr/bin/env chmod 700 /tmp/git-ssh-devise-production-jplasencia.sh as deploy@192.168.241.130
 DEBUG [34380725] Command: /usr/bin/env chmod 700 /tmp/git-ssh-devise-production-jplasencia.sh
  INFO [34380725] Finished in 0.014 seconds with exit status 0 (successful).
  INFO ---------------------------------------------------------------------------
  INFO START 2016-09-25 16:58:22 -0400 cap production deploy
  INFO ---------------------------------------------------------------------------
  INFO [b8bf216a] Running /usr/bin/env mkdir -p /tmp on deploy
  INFO [6edb01ef] Running /usr/bin/env mkdir -p /tmp as deploy@192.168.241.131
 DEBUG [b8bf216a] Command: /usr/bin/env mkdir -p /tmp
 DEBUG [6edb01ef] Command: /usr/bin/env mkdir -p /tmp
  INFO ---------------------------------------------------------------------------
  INFO START 2016-09-25 17:27:01 -0400 cap production deploy
  INFO ---------------------------------------------------------------------------
 DEBUG [069a7c6b] Running [ -d $HOME/.rbenv/versions/2.3.1p112 ] as deploy@192.168.241.131
 DEBUG [98b5533c] Running [ -d $HOME/.rbenv/versions/2.3.1p112 ] on deploy
 DEBUG [98b5533c] Command: [ -d $HOME/.rbenv/versions/2.3.1p112 ]
 DEBUG [069a7c6b] Command: [ -d $HOME/.rbenv/versions/2.3.1p112 ]
  INFO ---------------------------------------------------------------------------
  INFO START 2016-09-25 17:34:15 -0400 cap production deploy
  INFO ---------------------------------------------------------------------------
 DEBUG [454adc82] Running [ -d $HOME/.rbenv/versions/2.3.1p112 ] on deploy
 DEBUG [454adc82] Command: [ -d $HOME/.rbenv/versions/2.3.1p112 ]
 DEBUG [f52f5d5b] Running [ -d $HOME/.rbenv/versions/2.3.1p112 ] as deploy@192.168.241.131
 DEBUG [f52f5d5b] Command: [ -d $HOME/.rbenv/versions/2.3.1p112 ]
  INFO ---------------------------------------------------------------------------
  INFO START 2016-09-25 17:41:06 -0400 cap production deploy
  INFO ---------------------------------------------------------------------------
 DEBUG [970aebc1] Running [ -d $HOME/.rbenv/versions/2.3.1p112 ] on deploy
 DEBUG [d6234865] Running [ -d $HOME/.rbenv/versions/2.3.1p112 ] as deploy@192.168.241.131
 DEBUG [d6234865] Command: [ -d $HOME/.rbenv/versions/2.3.1p112 ]
 DEBUG [970aebc1] Command: [ -d $HOME/.rbenv/versions/2.3.1p112 ]
  INFO ---------------------------------------------------------------------------
  INFO START 2016-09-25 17:41:58 -0400 cap production deploy
  INFO ---------------------------------------------------------------------------
 DEBUG [24b46877] Running [ -d $HOME/.rbenv/versions/2.3.1p112 ] on deploy
 DEBUG [7f05a439] Running [ -d $HOME/.rbenv/versions/2.3.1p112 ] as deploy@192.168.241.131
 DEBUG [7f05a439] Command: [ -d $HOME/.rbenv/versions/2.3.1p112 ]
 DEBUG [24b46877] Command: [ -d $HOME/.rbenv/versions/2.3.1p112 ]
  INFO ---------------------------------------------------------------------------
  INFO START 2016-09-25 17:46:03 -0400 cap production deploy
  INFO ---------------------------------------------------------------------------
 DEBUG [7b9cbd59] Running [ -d $HOME/.rbenv/versions/2.3.1p112 ] as deploy@192.168.241.132
 DEBUG [02bd8f4e] Running [ -d $HOME/.rbenv/versions/2.3.1p112 ] on deploy
 DEBUG [7b9cbd59] Command: [ -d $HOME/.rbenv/versions/2.3.1p112 ]
 DEBUG [02bd8f4e] Command: [ -d $HOME/.rbenv/versions/2.3.1p112 ]
 DEBUG [7b9cbd59] Finished in 3.710 seconds with exit status 1 (failed).
 ERROR rbenv: 2.3.1p112 is not installed or not found in $HOME/.rbenv/versions/2.3.1p112
  INFO ---------------------------------------------------------------------------
  INFO START 2016-09-25 21:17:15 -0400 cap production deploy
  INFO ---------------------------------------------------------------------------
 DEBUG [3634a427] Running [ -d $HOME/.rbenv/versions/2.3.1p112 ] on deploy
 DEBUG [f293f192] Running [ -d $HOME/.rbenv/versions/2.3.1p112 ] as deploy@192.168.241.132
 DEBUG [f293f192] Command: [ -d $HOME/.rbenv/versions/2.3.1p112 ]
 DEBUG [3634a427] Command: [ -d $HOME/.rbenv/versions/2.3.1p112 ]
 DEBUG [f293f192] Finished in 2.245 seconds with exit status 1 (failed).
 ERROR rbenv: 2.3.1p112 is not installed or not found in $HOME/.rbenv/versions/2.3.1p112
  INFO ---------------------------------------------------------------------------
  INFO START 2016-09-25 22:20:40 -0400 cap production deploy
  INFO ---------------------------------------------------------------------------
 DEBUG [3a7b4af2] Running [ -d $HOME/.rbenv/versions/2.3.1p112 ] as deploy@192.168.241.132
 DEBUG [c8963f22] Running [ -d $HOME/.rbenv/versions/2.3.1p112 ] on deploy
 DEBUG [3a7b4af2] Command: [ -d $HOME/.rbenv/versions/2.3.1p112 ]
 DEBUG [c8963f22] Command: [ -d $HOME/.rbenv/versions/2.3.1p112 ]
 DEBUG [3a7b4af2] Finished in 2.211 seconds with exit status 1 (failed).
 ERROR rbenv: 2.3.1p112 is not installed or not found in $HOME/.rbenv/versions/2.3.1p112
  INFO ---------------------------------------------------------------------------
  INFO START 2016-09-25 22:22:03 -0400 cap production deploy
  INFO ---------------------------------------------------------------------------
 DEBUG [8d84a890] Running [ -d $HOME/.rbenv/versions/2.3.1p112 ] on deploy
 DEBUG [8d84a890] Command: [ -d $HOME/.rbenv/versions/2.3.1p112 ]
 DEBUG [3648c45c] Running [ -d $HOME/.rbenv/versions/2.3.1p112 ] as deploy@192.168.241.132
 DEBUG [3648c45c] Command: [ -d $HOME/.rbenv/versions/2.3.1p112 ]
 DEBUG [3648c45c] Finished in 2.233 seconds with exit status 1 (failed).
 ERROR rbenv: 2.3.1p112 is not installed or not found in $HOME/.rbenv/versions/2.3.1p112
  INFO ---------------------------------------------------------------------------
  INFO START 2016-09-25 22:22:41 -0400 cap production deploy
  INFO ---------------------------------------------------------------------------
 DEBUG [7b05413f] Running [ -d $HOME/.rbenv/versions/2.3.1p112 ] on deploy
 DEBUG [a8ba801f] Running [ -d $HOME/.rbenv/versions/2.3.1p112 ] as deploy@192.168.241.132
 DEBUG [7b05413f] Command: [ -d $HOME/.rbenv/versions/2.3.1p112 ]
 DEBUG [a8ba801f] Command: [ -d $HOME/.rbenv/versions/2.3.1p112 ]
 DEBUG [a8ba801f] Finished in 2.208 seconds with exit status 1 (failed).
 ERROR rbenv: 2.3.1p112 is not installed or not found in $HOME/.rbenv/versions/2.3.1p112
  INFO ---------------------------------------------------------------------------
  INFO START 2016-09-25 22:25:39 -0400 cap production deploy
  INFO ---------------------------------------------------------------------------
 DEBUG [2d9eb8f2] Running [ -d /home/deploy/.rbenv//versions/2.3.1p112 ] on deploy
 DEBUG [2d9eb8f2] Command: [ -d /home/deploy/.rbenv//versions/2.3.1p112 ]
 DEBUG [666421db] Running [ -d /home/deploy/.rbenv//versions/2.3.1p112 ] as deploy@192.168.241.132
 DEBUG [666421db] Command: [ -d /home/deploy/.rbenv//versions/2.3.1p112 ]
 DEBUG [666421db] Finished in 2.235 seconds with exit status 1 (failed).
 ERROR rbenv: 2.3.1p112 is not installed or not found in /home/deploy/.rbenv//versions/2.3.1p112
  INFO ---------------------------------------------------------------------------
  INFO START 2016-09-25 22:27:56 -0400 cap production deploy
  INFO ---------------------------------------------------------------------------
 DEBUG [b6a5ab22] Running [ -d /home/deploy/.rbenv/bin/rbenv/versions/2.3.1p112 ] as deploy@192.168.241.132
 DEBUG [b6a5ab22] Command: [ -d /home/deploy/.rbenv/bin/rbenv/versions/2.3.1p112 ]
 DEBUG [f642ac69] Running [ -d /home/deploy/.rbenv/bin/rbenv/versions/2.3.1p112 ] on deploy
 DEBUG [f642ac69] Command: [ -d /home/deploy/.rbenv/bin/rbenv/versions/2.3.1p112 ]
 DEBUG [b6a5ab22] Finished in 2.230 seconds with exit status 1 (failed).
 ERROR rbenv: 2.3.1p112 is not installed or not found in /home/deploy/.rbenv/bin/rbenv/versions/2.3.1p112
